[2026-05-22T17:00:20.609Z] GET http://localhost:8000/chat → 200 (312ms, 4533B)
[2026-05-22T17:00:20.924Z] GET https://fonts.googleapis.com/css2?family=Inter:wght@400;500;600;700&family=JetBrains+Mono:wght@400;500&family=Playfair+Display:ital,wght@0,600;0,700;1,600&display=swap → pending (?ms, ?B)
[2026-05-22T17:00:20.924Z] GET http://localhost:8000/static/css/main.css → 200 (1ms, 10218B)
[2026-05-22T17:00:20.924Z] GET http://localhost:8000/static/css/pages.css → 200 (2ms, 30004B)
[2026-05-22T17:00:20.924Z] GET http://localhost:8000/static/css/animations.css → 200 (4ms, 3790B)
[2026-05-22T17:00:20.924Z] GET http://localhost:8000/static/js/api.js → 200 (6ms, 4515B)
[2026-05-22T17:00:20.924Z] GET http://localhost:8000/static/js/chat.js → 200 (7ms, 30393B)
[2026-05-22T17:00:21.970Z] GET https://fonts.gstatic.com/s/inter/v20/UcC73FwrK3iLTeHuS_nVMrMxCp50SjIa1ZL7.woff2 → pending (?ms, ?B)
[2026-05-22T17:00:21.970Z] GET https://fonts.gstatic.com/s/playfairdisplay/v40/nuFiD-vYSZviVYUb_rj3ij__anPXDTzYgA.woff2 → pending (?ms, ?B)
[2026-05-22T17:00:21.973Z] GET http://localhost:8000/login → 200 (2ms, 2642B)
[2026-05-22T17:00:21.981Z] GET https://fonts.googleapis.com/css2?family=Inter:wght@400;500;600;700&family=JetBrains+Mono:wght@400;500&family=Playfair+Display:ital,wght@0,600;0,700;1,600&display=swap → 200 (?ms, 19853B)
[2026-05-22T17:00:21.981Z] GET http://localhost:8000/static/css/main.css → 200 (1ms, 10218B)
[2026-05-22T17:00:21.982Z] GET http://localhost:8000/static/css/pages.css → 200 (?ms, 30004B)
[2026-05-22T17:00:21.982Z] GET http://localhost:8000/static/css/animations.css → 200 (?ms, 3790B)
[2026-05-22T17:00:21.982Z] GET http://localhost:8000/static/js/api.js → 200 (?ms, 4515B)
[2026-05-22T17:00:21.982Z] GET http://localhost:8000/static/js/login.js → 200 (1ms, 5565B)
[2026-05-22T17:00:21.984Z] GET https://fonts.gstatic.com/s/inter/v20/UcC73FwrK3iLTeHuS_nVMrMxCp50SjIa1ZL7.woff2 → pending (?ms, ?B)
[2026-05-22T17:00:21.999Z] GET https://fonts.gstatic.com/s/playfairdisplay/v40/nuFiD-vYSZviVYUb_rj3ij__anPXDTzYgA.woff2 → pending (?ms, ?B)
[2026-05-22T17:04:00.406Z] POST http://localhost:8000/api/login → pending (?ms, ?B)
[2026-05-22T17:04:01.319Z] GET http://localhost:8000/admin → 200 (2ms, 7566B)
[2026-05-22T17:04:01.324Z] GET https://fonts.googleapis.com/css2?family=Inter:wght@400;500;600;700&family=JetBrains+Mono:wght@400;500&family=Playfair+Display:ital,wght@0,600;0,700;1,600&display=swap → 200 (1ms, 19853B)
[2026-05-22T17:04:01.325Z] GET http://localhost:8000/static/css/main.css → 200 (?ms, 10218B)
[2026-05-22T17:04:01.325Z] GET http://localhost:8000/static/css/pages.css → 200 (?ms, 30370B)
[2026-05-22T17:04:01.325Z] GET http://localhost:8000/static/css/animations.css → 200 (?ms, 3790B)
[2026-05-22T17:04:01.325Z] GET http://localhost:8000/static/js/api.js → 200 (?ms, 4515B)
[2026-05-22T17:04:01.325Z] GET http://localhost:8000/static/js/admin.js → 200 (2ms, 6963B)
[2026-05-22T17:04:01.327Z] GET http://localhost:8000/api/status → 200 (3ms, 260B)
[2026-05-22T17:04:01.328Z] GET https://fonts.gstatic.com/s/inter/v20/UcC73FwrK3iLTeHuS_nVMrMxCp50SjIa1ZL7.woff2 → 200 (1ms, ?B)
[2026-05-22T17:04:01.329Z] GET https://fonts.gstatic.com/s/playfairdisplay/v40/nuFiD-vYSZviVYUb_rj3ij__anPXDTzYgA.woff2 → 200 (?ms, ?B)
[2026-05-22T17:04:01.329Z] GET https://fonts.gstatic.com/s/jetbrainsmono/v24/tDbv2o-flEEny0FZhsfKu5WU4zr3E_BX0PnT8RD8yKwBNntkaToggR7BYRbKPxDcwg.woff2 → 200 (232ms, 31432B)
[2026-05-22T17:04:13.955Z] GET http://localhost:8000/chat → 200 (1ms, 4533B)
[2026-05-22T17:04:13.959Z] GET https://fonts.googleapis.com/css2?family=Inter:wght@400;500;600;700&family=JetBrains+Mono:wght@400;500&family=Playfair+Display:ital,wght@0,600;0,700;1,600&display=swap → 200 (1ms, 19853B)
[2026-05-22T17:04:13.960Z] GET http://localhost:8000/static/css/main.css → 200 (?ms, 10218B)
[2026-05-22T17:04:13.960Z] GET http://localhost:8000/static/css/pages.css → 200 (?ms, 30370B)
[2026-05-22T17:04:13.960Z] GET http://localhost:8000/static/css/animations.css → 200 (?ms, 3790B)
[2026-05-22T17:04:13.960Z] GET http://localhost:8000/static/js/api.js → 200 (?ms, 4515B)
[2026-05-22T17:04:13.960Z] GET http://localhost:8000/static/js/chat.js → 200 (312ms, 31289B)
[2026-05-22T17:04:13.970Z] GET https://fonts.gstatic.com/s/inter/v20/UcC73FwrK3iLTeHuS_nVMrMxCp50SjIa1ZL7.woff2 → 200 (?ms, ?B)
[2026-05-22T17:04:13.971Z] GET https://fonts.gstatic.com/s/jetbrainsmono/v24/tDbv2o-flEEny0FZhsfKu5WU4zr3E_BX0PnT8RD8yKwBNntkaToggR7BYRbKPxDcwg.woff2 → 200 (?ms, ?B)
[2026-05-22T17:04:13.971Z] GET https://fonts.gstatic.com/s/playfairdisplay/v40/nuFiD-vYSZviVYUb_rj3ij__anPXDTzYgA.woff2 → 200 (?ms, ?B)
